c:\users\wldus\source\repos\chessgame\chessgame\debug\vc142.pdb
c:\users\wldus\source\repos\chessgame\chessgame\debug\vc142.idb
c:\users\wldus\source\repos\chessgame\chessgame\debug\player.obj
c:\users\wldus\source\repos\chessgame\chessgame\debug\rook.obj
c:\users\wldus\source\repos\chessgame\chessgame\debug\queen.obj
c:\users\wldus\source\repos\chessgame\chessgame\debug\piece.obj
c:\users\wldus\source\repos\chessgame\chessgame\debug\pawn.obj
c:\users\wldus\source\repos\chessgame\chessgame\debug\knight.obj
c:\users\wldus\source\repos\chessgame\chessgame\debug\king.obj
c:\users\wldus\source\repos\chessgame\chessgame\debug\bishop.obj
c:\users\wldus\source\repos\chessgame\chessgame\debug\main.obj
c:\users\wldus\source\repos\chessgame\chessgame\debug\chessboard.obj
c:\users\wldus\source\repos\chessgame\chessgame\debug\chessgame.obj
c:\users\wldus\source\repos\chessgame\chessgame\debug\tcpserver.obj
c:\users\wldus\source\repos\chessgame\debug\chessgameproject.exe
c:\users\wldus\source\repos\chessgame\chessgame\debug\chessgameproject.ilk
c:\users\wldus\source\repos\chessgame\debug\chessgameproject.pdb
c:\users\wldus\source\repos\chessgame\chessgame\debug\game.obj
c:\users\wldus\source\repos\chessgame\chessgame\debug\chessboard.obj.enc
c:\users\wldus\source\repos\chessgame\chessgame\debug\chessgame.obj.enc
c:\users\wldus\source\repos\chessgame\chessgame\debug\main.obj.enc
c:\users\wldus\source\repos\chessgame\chessgame\debug\chessgameproject.tlog\cl.command.1.tlog
c:\users\wldus\source\repos\chessgame\chessgame\debug\chessgameproject.tlog\cl.read.1.tlog
c:\users\wldus\source\repos\chessgame\chessgame\debug\chessgameproject.tlog\cl.write.1.tlog
c:\users\wldus\source\repos\chessgame\chessgame\debug\chessgameproject.tlog\link.command.1.tlog
c:\users\wldus\source\repos\chessgame\chessgame\debug\chessgameproject.tlog\link.read.1.tlog
c:\users\wldus\source\repos\chessgame\chessgame\debug\chessgameproject.tlog\link.write.1.tlog
